Build started 9/6/2016 1:15:31 PM.
     1>Project "C:\Users\UTRGVCS\Documents\Visual Studio 2013\Projects\CoinsHoughCircles\CoinsHoughCircles\CoinsHoughCircles.vcxproj" on node 2 (Build target(s)).
     1>ClCompile:
         C:\Program Files (x86)\Microsoft Visual Studio 12.0\VC\bin\x86_amd64\CL.exe /c /I"C:\opencv-3.1.0-cuda\install\x64\vc12\..\..\include" /Zi /nologo /W3 /WX- /sdl /O2 /Oi /GL /D WIN32 /D NDEBUG /D _CONSOLE /D _LIB /D _UNICODE /D UNICODE /Gm- /EHsc /MD /GS /Gy /fp:precise /Zc:wchar_t /Zc:forScope /Fo"x64\Release\\" /Fd"x64\Release\vc120.pdb" /Gd /TP /errorReport:prompt Source.cpp
         Source.cpp
     1>Source.cpp(122): warning C4244: 'argument' : conversion from 'float' to 'int', possible loss of data
     1>Source.cpp(123): warning C4244: 'argument' : conversion from 'float' to 'int', possible loss of data
     1>Source.cpp(130): warning C4244: 'argument' : conversion from 'float' to 'int', possible loss of data
     1>Source.cpp(130): warning C4244: 'argument' : conversion from 'double' to 'int', possible loss of data
     1>Source.cpp(131): warning C4244: '=' : conversion from 'double' to 'float', possible loss of data
     1>Source.cpp(135): warning C4244: 'argument' : conversion from 'float' to 'int', possible loss of data
     1>Source.cpp(135): warning C4244: 'argument' : conversion from 'double' to 'int', possible loss of data
     1>Source.cpp(136): warning C4244: '=' : conversion from 'double' to 'float', possible loss of data
     1>Source.cpp(140): warning C4244: 'argument' : conversion from 'float' to 'int', possible loss of data
     1>Source.cpp(140): warning C4244: 'argument' : conversion from 'double' to 'int', possible loss of data
     1>Source.cpp(141): warning C4244: '=' : conversion from 'double' to 'float', possible loss of data
     1>Source.cpp(145): warning C4244: 'argument' : conversion from 'float' to 'int', possible loss of data
     1>Source.cpp(145): warning C4244: 'argument' : conversion from 'double' to 'int', possible loss of data
     1>Source.cpp(146): warning C4244: '=' : conversion from 'double' to 'float', possible loss of data
     1>Source.cpp(151): warning C4244: 'argument' : conversion from 'double' to 'int', possible loss of data
     1>Source.cpp(165): warning C4244: '=' : conversion from 'double' to 'float', possible loss of data
     1>Source.cpp(166): warning C4244: '=' : conversion from 'double' to 'float', possible loss of data
       Link:
         C:\Program Files (x86)\Microsoft Visual Studio 12.0\VC\bin\x86_amd64\link.exe /ERRORREPORT:PROMPT /OUT:"C:\Users\UTRGVCS\Documents\Visual Studio 2013\Projects\CoinsHoughCircles\x64\Release\CoinsHoughCircles.exe" /INCREMENTAL:NO /NOLOGO /LIBPATH:"C:\opencv-3.1.0-cuda\install\x64\vc12\lib" opencv_highgui310.lib opencv_imgproc310.lib opencv_imgcodecs310.lib opencv_ts310.lib opencv_core310.lib kernel32.lib user32.lib gdi32.lib winspool.lib comdlg32.lib advapi32.lib shell32.lib ole32.lib oleaut32.lib uuid.lib odbc32.lib odbccp32.lib /MANIFEST /MANIFESTUAC:"level='asInvoker' uiAccess='false'" /manifest:embed /DEBUG /PDB:"C:\Users\UTRGVCS\Documents\Visual Studio 2013\Projects\CoinsHoughCircles\x64\Release\CoinsHoughCircles.pdb" /SUBSYSTEM:CONSOLE /OPT:REF /OPT:ICF /LTCG /TLBID:1 /DYNAMICBASE /NXCOMPAT /IMPLIB:"C:\Users\UTRGVCS\Documents\Visual Studio 2013\Projects\CoinsHoughCircles\x64\Release\CoinsHoughCircles.lib" /MACHINE:X64 x64\Release\Source.obj
         Generating code
         Finished generating code
         CoinsHoughCircles.vcxproj -> C:\Users\UTRGVCS\Documents\Visual Studio 2013\Projects\CoinsHoughCircles\x64\Release\CoinsHoughCircles.exe
     1>Done Building Project "C:\Users\UTRGVCS\Documents\Visual Studio 2013\Projects\CoinsHoughCircles\CoinsHoughCircles\CoinsHoughCircles.vcxproj" (Build target(s)).

Build succeeded.

Time Elapsed 00:00:01.24
